<?xml version="1.0" encoding="UTF-8"?>
<testsuite xmlns:xsi="http://www.w3.org/2001/XMLSchema-instance" xsi:noNamespaceSchemaLocation="https://maven.apache.org/surefire/maven-surefire-plugin/xsd/surefire-test-report-3.0.xsd" version="3.0" name="runners.TestRunner" time="20.085" tests="3" errors="0" skipped="0" failures="0">
  <properties>
[...]
</properties>
  <testcase name="[1:3] Crear usuario + Obtener usuario" classname="features/flows/user-flow" time="16.137">
    <system-out><![CDATA[karate.env system property was: null 
ID del usuario creado: 8378230 
Usuario obtenido: {
  "id": 8378230,
  "name": "Alexander QA",
  "email": "alexander.0b856462-c1ae-475a-a53b-00e5addea9a3@example.com",
  "gender": "male",
  "status": "active"
}
 
Usuario actualizado: {
  "name": "Alexander QA Updated",
  "id": 8378230,
  "email": "alexander.0b856462-c1ae-475a-a53b-00e5addea9a3@example.com",
  "gender": "male",
  "status": "active"
}
 
Usuario eliminado, status: 204 
Intento de obtener usuario eliminado, status: 404 
Flujo completo ejecutado exitosamente 
---------------------------------------------------------
feature: classpath:features/flows/user-flow.feature
scenarios:  1 | passed:  1 | failed:  0 | time: 11.1327
---------------------------------------------------------

Karate version: 1.5.0
======================================================
elapsed:  15.95 | threads:    1 | thread time: 11.13 
features:     1 | skipped:    0 | efficiency: 0.70
scenarios:    1 | passed:     1 | failed: 0
======================================================

HTML report: (paste into browser to view) | Karate version: 1.5.0
file:///D:/Proyectos/Karate/myproject2/target/karate-reports/karate-summary.html
===================================================================

]]></system-out>
  </testcase>
  <testcase name="[1.1:36] Crear varios usuarios nuevos" classname="features/users/multi-users/create-mult-user" time="0.862">
    <system-out><![CDATA[karate.env system property was: null 
Usuario creado con ID: 8378231 
]]></system-out>
  </testcase>
  <testcase name="[1.2:37] Crear varios usuarios nuevos" classname="features/users/multi-users/create-mult-user" time="1.389">
    <system-out><![CDATA[karate.env system property was: null 
Usuario creado con ID: 8378232 
---------------------------------------------------------
feature: classpath:features/users/multi-users/create-mult-user.feature
scenarios:  2 | passed:  2 | failed:  0 | time: 1.5396
---------------------------------------------------------

Karate version: 1.5.0
======================================================
elapsed:   2.00 | threads:    1 | thread time: 1.54 
features:     1 | skipped:    0 | efficiency: 0.77
scenarios:    2 | passed:     2 | failed: 0
======================================================

HTML report: (paste into browser to view) | Karate version: 1.5.0
file:///D:/Proyectos/Karate/myproject2/target/karate-reports/karate-summary.html
===================================================================

]]></system-out>
  </testcase>
</testsuite>